0 info it worked if it ends with ok
1 verbose cli [ '/usr/bin/nodejs',
1 verbose cli   '/usr/bin/npm',
1 verbose cli   'completion',
1 verbose cli   '--',
1 verbose cli   'npm',
1 verbose cli   'install',
1 verbose cli   '-g',
1 verbose cli   'autoreload' ]
2 info using npm@1.4.21
3 info using node@v4.8.2
4 verbose request where is /-/short
5 verbose request registry https://registry.npmjs.org/
6 verbose request id 13bb2fc915e0f9d0
7 verbose url raw /-/short
8 verbose url resolving [ 'https://registry.npmjs.org/', './-/short' ]
9 verbose url resolved https://registry.npmjs.org/-/short
10 verbose request where is https://registry.npmjs.org/-/short
11 info trying registry request attempt 1 at 20:48:58
12 http GET https://registry.npmjs.org/-/short
13 http 404 https://registry.npmjs.org/-/short
14 silly registry.get cb [ 404,
14 silly registry.get   { 'content-type': 'application/json',
14 silly registry.get     'cache-control': 'max-age=0',
14 silly registry.get     'content-length': '2',
14 silly registry.get     'accept-ranges': 'bytes',
14 silly registry.get     date: 'Fri, 16 Mar 2018 20:48:58 GMT',
14 silly registry.get     via: '1.1 varnish',
14 silly registry.get     age: '0',
14 silly registry.get     connection: 'close',
14 silly registry.get     'x-served-by': 'cache-atl6240-ATL',
14 silly registry.get     'x-cache': 'MISS',
14 silly registry.get     'x-cache-hits': '0',
14 silly registry.get     'x-timer': 'S1521233338.414705,VS0,VE346',
14 silly registry.get     vary: 'Accept-Encoding' } ]
15 error TypeError: pkgs.filter is not a function
15 error     at /usr/share/npm/lib/install.js:43:17
15 error     at saved (/usr/share/npm/node_modules/npm-registry-client/lib/get.js:167:7)
15 error     at FSReqWrap.oncomplete (fs.js:82:15)
16 error If you need help, you may report this *entire* log,
16 error including the npm and node versions, at:
16 error     <http://github.com/npm/npm/issues>
17 error System Linux 4.9.59-v7+
18 error command "/usr/bin/nodejs" "/usr/bin/npm" "completion" "--" "npm" "install" "-g" "autoreload"
19 error cwd /media/pi/storage_500g/web/mopmop
20 error node -v v4.8.2
21 error npm -v 1.4.21
22 verbose exit [ 1, true ]
